============================================================
  Generated by:           Genus(TM) Synthesis Solution 19.13-s073_1
  Generated on:           Mar 22 2024  12:20:59 pm
  Module:                 labLSI
  Technology libraries:   slow_1v0 
                          pll 0.0
                          CDK_S128x16 0.0
                          CDK_S256x16 0.0
                          CDK_R512x16 0.0
                          physical_cells 
                          slow_1v0 
                          pll 0.0
                          CDK_S128x16 0.0
                          CDK_S256x16 0.0
                          CDK_R512x16 0.0
                          physical_cells 
  Operating conditions:   slow 
  Interconnect mode:      global
  Area mode:              physical library
============================================================

Timing
--------

Clock Period 
-------------
clk    424.0 


  Cost    Critical         Violating 
 Group   Path Slack  TNS     Paths   
-------------------------------------
clk             0.0   0.0          0 
default    No paths   0.0            
-------------------------------------
Total                 0.0          0 

Instance Count
--------------
Leaf Instance Count             205 
Physical Instance count           0 
Sequential Instance Count        28 
Combinational Instance Count    177 
Hierarchical Instance Count       0 

Area
----
Cell Area                          448.140
Physical Cell Area                 0.000
Total Cell Area (Cell+Physical)    448.140
Net Area                           225.885
Total Area (Cell+Physical+Net)     674.025

Runtime                            0.0 seconds
Elapsed Runtime                    52 seconds
Genus peak memory usage            1020.79 
Innovus peak memory usage          no_value 
Hostname                           localhost
